{"level":"info","message":"Environment variables check","metadata":{},"timestamp":"2025-09-04T02:05:28.488Z"}
{"level":"info","message":"SUPABASE_URL status","metadata":{"present":true},"timestamp":"2025-09-04T02:05:28.490Z"}
{"level":"info","message":"SUPABASE_SERVICE_ROLE_KEY status","metadata":{"present":true},"timestamp":"2025-09-04T02:05:28.491Z"}
{"level":"info","message":"SMTP_USER status","metadata":{"present":true},"timestamp":"2025-09-04T02:05:28.491Z"}
{"level":"info","message":"SMTP_PASS status","metadata":{"present":true},"timestamp":"2025-09-04T02:05:28.492Z"}
{"level":"info","message":"Server running on port 3000","metadata":{},"timestamp":"2025-09-04T02:05:28.500Z"}
{"level":"info","message":"Environment variables check","metadata":{},"timestamp":"2025-09-04T02:11:47.409Z"}
{"level":"info","message":"SUPABASE_URL status","metadata":{"present":true},"timestamp":"2025-09-04T02:11:47.411Z"}
{"level":"info","message":"SUPABASE_SERVICE_ROLE_KEY status","metadata":{"present":true},"timestamp":"2025-09-04T02:11:47.412Z"}
{"level":"info","message":"SMTP_USER status","metadata":{"present":true},"timestamp":"2025-09-04T02:11:47.413Z"}
{"level":"info","message":"SMTP_PASS status","metadata":{"present":true},"timestamp":"2025-09-04T02:11:47.413Z"}
{"level":"info","message":"Server running on port 3000","metadata":{},"timestamp":"2025-09-04T02:11:47.418Z"}
{"level":"info","message":"Environment variables check","metadata":{},"timestamp":"2025-09-04T02:11:57.329Z"}
{"level":"info","message":"SUPABASE_URL status","metadata":{"present":true},"timestamp":"2025-09-04T02:11:57.331Z"}
{"level":"info","message":"SUPABASE_SERVICE_ROLE_KEY status","metadata":{"present":true},"timestamp":"2025-09-04T02:11:57.332Z"}
{"level":"info","message":"SMTP_USER status","metadata":{"present":true},"timestamp":"2025-09-04T02:11:57.332Z"}
{"level":"info","message":"SMTP_PASS status","metadata":{"present":true},"timestamp":"2025-09-04T02:11:57.333Z"}
{"level":"info","message":"Server running on port 3000","metadata":{},"timestamp":"2025-09-04T02:11:57.338Z"}
{"level":"info","message":"Environment variables check","metadata":{},"timestamp":"2025-09-04T02:12:00.829Z"}
{"level":"info","message":"SUPABASE_URL status","metadata":{"present":true},"timestamp":"2025-09-04T02:12:00.832Z"}
{"level":"info","message":"SUPABASE_SERVICE_ROLE_KEY status","metadata":{"present":true},"timestamp":"2025-09-04T02:12:00.832Z"}
{"level":"info","message":"SMTP_USER status","metadata":{"present":true},"timestamp":"2025-09-04T02:12:00.833Z"}
{"level":"info","message":"SMTP_PASS status","metadata":{"present":true},"timestamp":"2025-09-04T02:12:00.833Z"}
{"level":"info","message":"Server running on port 3000","metadata":{},"timestamp":"2025-09-04T02:12:00.837Z"}
{"level":"info","message":"Environment variables check","metadata":{},"timestamp":"2025-09-04T02:12:56.334Z"}
{"level":"info","message":"SUPABASE_URL status","metadata":{"present":true},"timestamp":"2025-09-04T02:12:56.337Z"}
{"level":"info","message":"SUPABASE_SERVICE_ROLE_KEY status","metadata":{"present":true},"timestamp":"2025-09-04T02:12:56.337Z"}
{"level":"info","message":"SMTP_USER status","metadata":{"present":true},"timestamp":"2025-09-04T02:12:56.338Z"}
{"level":"info","message":"SMTP_PASS status","metadata":{"present":true},"timestamp":"2025-09-04T02:12:56.338Z"}
{"level":"info","message":"Server running on port 3000","metadata":{},"timestamp":"2025-09-04T02:12:56.342Z"}
{"level":"info","message":"Environment variables check","metadata":{},"timestamp":"2025-09-04T02:13:12.547Z"}
{"level":"info","message":"SUPABASE_URL status","metadata":{"present":true},"timestamp":"2025-09-04T02:13:12.549Z"}
{"level":"info","message":"SUPABASE_SERVICE_ROLE_KEY status","metadata":{"present":true},"timestamp":"2025-09-04T02:13:12.550Z"}
{"level":"info","message":"SMTP_USER status","metadata":{"present":true},"timestamp":"2025-09-04T02:13:12.551Z"}
{"level":"info","message":"SMTP_PASS status","metadata":{"present":true},"timestamp":"2025-09-04T02:13:12.552Z"}
{"level":"info","message":"Server running on port 3000","metadata":{},"timestamp":"2025-09-04T02:13:12.556Z"}
{"level":"info","message":"Environment variables check","metadata":{},"timestamp":"2025-09-04T02:13:16.056Z"}
{"level":"info","message":"SUPABASE_URL status","metadata":{"present":true},"timestamp":"2025-09-04T02:13:16.058Z"}
{"level":"info","message":"SUPABASE_SERVICE_ROLE_KEY status","metadata":{"present":true},"timestamp":"2025-09-04T02:13:16.059Z"}
{"level":"info","message":"SMTP_USER status","metadata":{"present":true},"timestamp":"2025-09-04T02:13:16.059Z"}
{"level":"info","message":"SMTP_PASS status","metadata":{"present":true},"timestamp":"2025-09-04T02:13:16.060Z"}
{"level":"info","message":"Server running on port 3000","metadata":{},"timestamp":"2025-09-04T02:13:16.064Z"}
{"level":"info","message":"Environment variables check","metadata":{},"timestamp":"2025-09-04T02:13:17.116Z"}
{"level":"info","message":"SUPABASE_URL status","metadata":{"present":true},"timestamp":"2025-09-04T02:13:17.118Z"}
{"level":"info","message":"SUPABASE_SERVICE_ROLE_KEY status","metadata":{"present":true},"timestamp":"2025-09-04T02:13:17.118Z"}
{"level":"info","message":"SMTP_USER status","metadata":{"present":true},"timestamp":"2025-09-04T02:13:17.119Z"}
{"level":"info","message":"SMTP_PASS status","metadata":{"present":true},"timestamp":"2025-09-04T02:13:17.119Z"}
{"level":"info","message":"Server running on port 3000","metadata":{},"timestamp":"2025-09-04T02:13:17.123Z"}
{"level":"info","message":"Environment variables check","metadata":{},"timestamp":"2025-09-04T02:13:18.394Z"}
{"level":"info","message":"SUPABASE_URL status","metadata":{"present":true},"timestamp":"2025-09-04T02:13:18.397Z"}
{"level":"info","message":"SUPABASE_SERVICE_ROLE_KEY status","metadata":{"present":true},"timestamp":"2025-09-04T02:13:18.397Z"}
{"level":"info","message":"SMTP_USER status","metadata":{"present":true},"timestamp":"2025-09-04T02:13:18.398Z"}
{"level":"info","message":"SMTP_PASS status","metadata":{"present":true},"timestamp":"2025-09-04T02:13:18.398Z"}
{"level":"info","message":"Server running on port 3000","metadata":{},"timestamp":"2025-09-04T02:13:18.403Z"}
{"level":"info","message":"Environment variables check","metadata":{},"timestamp":"2025-09-04T02:13:19.674Z"}
{"level":"info","message":"SUPABASE_URL status","metadata":{"present":true},"timestamp":"2025-09-04T02:13:19.676Z"}
{"level":"info","message":"SUPABASE_SERVICE_ROLE_KEY status","metadata":{"present":true},"timestamp":"2025-09-04T02:13:19.677Z"}
{"level":"info","message":"SMTP_USER status","metadata":{"present":true},"timestamp":"2025-09-04T02:13:19.677Z"}
{"level":"info","message":"SMTP_PASS status","metadata":{"present":true},"timestamp":"2025-09-04T02:13:19.678Z"}
{"level":"info","message":"Server running on port 3000","metadata":{},"timestamp":"2025-09-04T02:13:19.682Z"}
{"level":"info","message":"Environment variables check","metadata":{},"timestamp":"2025-09-04T02:13:26.302Z"}
{"level":"info","message":"SUPABASE_URL status","metadata":{"present":true},"timestamp":"2025-09-04T02:13:26.305Z"}
{"level":"info","message":"SUPABASE_SERVICE_ROLE_KEY status","metadata":{"present":true},"timestamp":"2025-09-04T02:13:26.306Z"}
{"level":"info","message":"SMTP_USER status","metadata":{"present":true},"timestamp":"2025-09-04T02:13:26.306Z"}
{"level":"info","message":"SMTP_PASS status","metadata":{"present":true},"timestamp":"2025-09-04T02:13:26.306Z"}
{"level":"info","message":"Server running on port 3000","metadata":{},"timestamp":"2025-09-04T02:13:26.311Z"}
{"level":"info","message":"Environment variables check","metadata":{},"timestamp":"2025-09-04T02:13:36.452Z"}
{"level":"info","message":"SUPABASE_URL status","metadata":{"present":true},"timestamp":"2025-09-04T02:13:36.455Z"}
{"level":"info","message":"SUPABASE_SERVICE_ROLE_KEY status","metadata":{"present":true},"timestamp":"2025-09-04T02:13:36.455Z"}
{"level":"info","message":"SMTP_USER status","metadata":{"present":true},"timestamp":"2025-09-04T02:13:36.456Z"}
{"level":"info","message":"SMTP_PASS status","metadata":{"present":true},"timestamp":"2025-09-04T02:13:36.456Z"}
{"level":"info","message":"Server running on port 3000","metadata":{},"timestamp":"2025-09-04T02:13:36.461Z"}
{"level":"info","message":"Environment variables check","metadata":{},"timestamp":"2025-09-04T02:13:43.310Z"}
{"level":"info","message":"SUPABASE_URL status","metadata":{"present":true},"timestamp":"2025-09-04T02:13:43.312Z"}
{"level":"info","message":"SUPABASE_SERVICE_ROLE_KEY status","metadata":{"present":true},"timestamp":"2025-09-04T02:13:43.312Z"}
{"level":"info","message":"SMTP_USER status","metadata":{"present":true},"timestamp":"2025-09-04T02:13:43.313Z"}
{"level":"info","message":"SMTP_PASS status","metadata":{"present":true},"timestamp":"2025-09-04T02:13:43.313Z"}
{"level":"info","message":"Server running on port 3000","metadata":{},"timestamp":"2025-09-04T02:13:43.317Z"}
{"level":"info","message":"Environment variables check","metadata":{},"timestamp":"2025-09-04T02:13:54.590Z"}
{"level":"info","message":"SUPABASE_URL status","metadata":{"present":true},"timestamp":"2025-09-04T02:13:54.592Z"}
{"level":"info","message":"SUPABASE_SERVICE_ROLE_KEY status","metadata":{"present":true},"timestamp":"2025-09-04T02:13:54.593Z"}
{"level":"info","message":"SMTP_USER status","metadata":{"present":true},"timestamp":"2025-09-04T02:13:54.593Z"}
{"level":"info","message":"SMTP_PASS status","metadata":{"present":true},"timestamp":"2025-09-04T02:13:54.594Z"}
{"level":"info","message":"Server running on port 3000","metadata":{},"timestamp":"2025-09-04T02:13:54.597Z"}
{"level":"info","message":"Environment variables check","metadata":{},"timestamp":"2025-09-04T02:13:59.479Z"}
{"level":"info","message":"SUPABASE_URL status","metadata":{"present":true},"timestamp":"2025-09-04T02:13:59.481Z"}
{"level":"info","message":"SUPABASE_SERVICE_ROLE_KEY status","metadata":{"present":true},"timestamp":"2025-09-04T02:13:59.482Z"}
{"level":"info","message":"SMTP_USER status","metadata":{"present":true},"timestamp":"2025-09-04T02:13:59.483Z"}
{"level":"info","message":"SMTP_PASS status","metadata":{"present":true},"timestamp":"2025-09-04T02:13:59.483Z"}
{"level":"info","message":"Server running on port 3000","metadata":{},"timestamp":"2025-09-04T02:13:59.488Z"}
{"level":"info","message":"Environment variables check","metadata":{},"timestamp":"2025-09-04T02:14:07.571Z"}
{"level":"info","message":"SUPABASE_URL status","metadata":{"present":true},"timestamp":"2025-09-04T02:14:07.573Z"}
{"level":"info","message":"SUPABASE_SERVICE_ROLE_KEY status","metadata":{"present":true},"timestamp":"2025-09-04T02:14:07.574Z"}
{"level":"info","message":"SMTP_USER status","metadata":{"present":true},"timestamp":"2025-09-04T02:14:07.574Z"}
{"level":"info","message":"SMTP_PASS status","metadata":{"present":true},"timestamp":"2025-09-04T02:14:07.575Z"}
{"level":"info","message":"Server running on port 3000","metadata":{},"timestamp":"2025-09-04T02:14:07.579Z"}
{"level":"info","message":"Environment variables check","metadata":{},"timestamp":"2025-09-04T02:14:36.552Z"}
{"level":"info","message":"SUPABASE_URL status","metadata":{"present":true},"timestamp":"2025-09-04T02:14:36.554Z"}
{"level":"info","message":"SUPABASE_SERVICE_ROLE_KEY status","metadata":{"present":true},"timestamp":"2025-09-04T02:14:36.554Z"}
{"level":"info","message":"SMTP_USER status","metadata":{"present":true},"timestamp":"2025-09-04T02:14:36.555Z"}
{"level":"info","message":"SMTP_PASS status","metadata":{"present":true},"timestamp":"2025-09-04T02:14:36.555Z"}
{"level":"info","message":"Server running on port 3000","metadata":{},"timestamp":"2025-09-04T02:14:36.559Z"}
{"level":"info","message":"Environment variables check","metadata":{},"timestamp":"2025-09-04T02:14:39.643Z"}
{"level":"info","message":"SUPABASE_URL status","metadata":{"present":true},"timestamp":"2025-09-04T02:14:39.645Z"}
{"level":"info","message":"SUPABASE_SERVICE_ROLE_KEY status","metadata":{"present":true},"timestamp":"2025-09-04T02:14:39.646Z"}
{"level":"info","message":"SMTP_USER status","metadata":{"present":true},"timestamp":"2025-09-04T02:14:39.646Z"}
{"level":"info","message":"SMTP_PASS status","metadata":{"present":true},"timestamp":"2025-09-04T02:14:39.646Z"}
{"level":"info","message":"Server running on port 3000","metadata":{},"timestamp":"2025-09-04T02:14:39.652Z"}
{"level":"info","message":"Environment variables check","metadata":{},"timestamp":"2025-09-04T02:15:04.659Z"}
{"level":"info","message":"SUPABASE_URL status","metadata":{"present":true},"timestamp":"2025-09-04T02:15:04.661Z"}
{"level":"info","message":"SUPABASE_SERVICE_ROLE_KEY status","metadata":{"present":true},"timestamp":"2025-09-04T02:15:04.662Z"}
{"level":"info","message":"SMTP_USER status","metadata":{"present":true},"timestamp":"2025-09-04T02:15:04.662Z"}
{"level":"info","message":"SMTP_PASS status","metadata":{"present":true},"timestamp":"2025-09-04T02:15:04.663Z"}
{"level":"info","message":"Server running on port 3000","metadata":{},"timestamp":"2025-09-04T02:15:04.668Z"}
{"level":"info","message":"Environment variables check","metadata":{},"timestamp":"2025-09-04T02:16:06.601Z"}
{"level":"info","message":"SUPABASE_URL status","metadata":{"present":true},"timestamp":"2025-09-04T02:16:06.603Z"}
{"level":"info","message":"SUPABASE_SERVICE_ROLE_KEY status","metadata":{"present":true},"timestamp":"2025-09-04T02:16:06.604Z"}
{"level":"info","message":"SMTP_USER status","metadata":{"present":true},"timestamp":"2025-09-04T02:16:06.604Z"}
{"level":"info","message":"SMTP_PASS status","metadata":{"present":true},"timestamp":"2025-09-04T02:16:06.605Z"}
{"level":"info","message":"Server running on port 3000","metadata":{},"timestamp":"2025-09-04T02:16:06.609Z"}
{"level":"info","message":"Environment variables check","metadata":{},"timestamp":"2025-09-04T02:16:53.859Z"}
{"level":"info","message":"SUPABASE_URL status","metadata":{"present":true},"timestamp":"2025-09-04T02:16:53.861Z"}
{"level":"info","message":"SUPABASE_SERVICE_ROLE_KEY status","metadata":{"present":true},"timestamp":"2025-09-04T02:16:53.862Z"}
{"level":"info","message":"SMTP_USER status","metadata":{"present":true},"timestamp":"2025-09-04T02:16:53.863Z"}
{"level":"info","message":"SMTP_PASS status","metadata":{"present":true},"timestamp":"2025-09-04T02:16:53.863Z"}
{"level":"info","message":"Server running on port 3000","metadata":{},"timestamp":"2025-09-04T02:16:53.868Z"}
{"level":"info","message":"Environment variables check","metadata":{},"timestamp":"2025-09-04T02:17:14.002Z"}
{"level":"info","message":"SUPABASE_URL status","metadata":{"present":true},"timestamp":"2025-09-04T02:17:14.004Z"}
{"level":"info","message":"SUPABASE_SERVICE_ROLE_KEY status","metadata":{"present":true},"timestamp":"2025-09-04T02:17:14.005Z"}
{"level":"info","message":"SMTP_USER status","metadata":{"present":true},"timestamp":"2025-09-04T02:17:14.006Z"}
{"level":"info","message":"SMTP_PASS status","metadata":{"present":true},"timestamp":"2025-09-04T02:17:14.006Z"}
{"level":"info","message":"Server running on port 3000","metadata":{},"timestamp":"2025-09-04T02:17:14.010Z"}
{"level":"info","message":"Environment variables check","metadata":{},"timestamp":"2025-09-04T02:17:34.375Z"}
{"level":"info","message":"SUPABASE_URL status","metadata":{"present":true},"timestamp":"2025-09-04T02:17:34.377Z"}
{"level":"info","message":"SUPABASE_SERVICE_ROLE_KEY status","metadata":{"present":true},"timestamp":"2025-09-04T02:17:34.378Z"}
{"level":"info","message":"SMTP_USER status","metadata":{"present":true},"timestamp":"2025-09-04T02:17:34.378Z"}
{"level":"info","message":"SMTP_PASS status","metadata":{"present":true},"timestamp":"2025-09-04T02:17:34.378Z"}
{"level":"info","message":"Server running on port 3000","metadata":{},"timestamp":"2025-09-04T02:17:34.382Z"}
{"level":"info","message":"Environment variables check","metadata":{},"timestamp":"2025-09-04T02:17:47.509Z"}
{"level":"info","message":"SUPABASE_URL status","metadata":{"present":true},"timestamp":"2025-09-04T02:17:47.511Z"}
{"level":"info","message":"SUPABASE_SERVICE_ROLE_KEY status","metadata":{"present":true},"timestamp":"2025-09-04T02:17:47.512Z"}
{"level":"info","message":"SMTP_USER status","metadata":{"present":true},"timestamp":"2025-09-04T02:17:47.513Z"}
{"level":"info","message":"SMTP_PASS status","metadata":{"present":true},"timestamp":"2025-09-04T02:17:47.513Z"}
{"level":"info","message":"Server running on port 3000","metadata":{},"timestamp":"2025-09-04T02:17:47.518Z"}
{"level":"info","message":"Environment variables check","metadata":{},"timestamp":"2025-09-04T02:18:08.142Z"}
{"level":"info","message":"SUPABASE_URL status","metadata":{"present":true},"timestamp":"2025-09-04T02:18:08.145Z"}
{"level":"info","message":"SUPABASE_SERVICE_ROLE_KEY status","metadata":{"present":true},"timestamp":"2025-09-04T02:18:08.145Z"}
{"level":"info","message":"SMTP_USER status","metadata":{"present":true},"timestamp":"2025-09-04T02:18:08.146Z"}
{"level":"info","message":"SMTP_PASS status","metadata":{"present":true},"timestamp":"2025-09-04T02:18:08.146Z"}
{"level":"info","message":"Server running on port 3000","metadata":{},"timestamp":"2025-09-04T02:18:08.150Z"}
{"level":"info","message":"Environment variables check","metadata":{},"timestamp":"2025-09-04T02:18:59.299Z"}
{"level":"info","message":"SUPABASE_URL status","metadata":{"present":true},"timestamp":"2025-09-04T02:18:59.301Z"}
{"level":"info","message":"SUPABASE_SERVICE_ROLE_KEY status","metadata":{"present":true},"timestamp":"2025-09-04T02:18:59.302Z"}
{"level":"info","message":"SMTP_USER status","metadata":{"present":true},"timestamp":"2025-09-04T02:18:59.303Z"}
{"level":"info","message":"SMTP_PASS status","metadata":{"present":true},"timestamp":"2025-09-04T02:18:59.303Z"}
{"level":"info","message":"Server running on port 3000","metadata":{},"timestamp":"2025-09-04T02:18:59.308Z"}
{"level":"info","message":"Environment variables check","metadata":{},"timestamp":"2025-09-04T02:19:01.756Z"}
{"level":"info","message":"SUPABASE_URL status","metadata":{"present":true},"timestamp":"2025-09-04T02:19:01.758Z"}
{"level":"info","message":"SUPABASE_SERVICE_ROLE_KEY status","metadata":{"present":true},"timestamp":"2025-09-04T02:19:01.759Z"}
{"level":"info","message":"SMTP_USER status","metadata":{"present":true},"timestamp":"2025-09-04T02:19:01.759Z"}
{"level":"info","message":"SMTP_PASS status","metadata":{"present":true},"timestamp":"2025-09-04T02:19:01.760Z"}
{"level":"info","message":"Server running on port 3000","metadata":{},"timestamp":"2025-09-04T02:19:01.764Z"}
{"level":"info","message":"Environment variables check","metadata":{},"timestamp":"2025-09-04T02:19:04.059Z"}
{"level":"info","message":"SUPABASE_URL status","metadata":{"present":true},"timestamp":"2025-09-04T02:19:04.061Z"}
{"level":"info","message":"SUPABASE_SERVICE_ROLE_KEY status","metadata":{"present":true},"timestamp":"2025-09-04T02:19:04.062Z"}
{"level":"info","message":"SMTP_USER status","metadata":{"present":true},"timestamp":"2025-09-04T02:19:04.062Z"}
{"level":"info","message":"SMTP_PASS status","metadata":{"present":true},"timestamp":"2025-09-04T02:19:04.063Z"}
{"level":"info","message":"Server running on port 3000","metadata":{},"timestamp":"2025-09-04T02:19:04.067Z"}
{"level":"info","message":"Environment variables check","metadata":{},"timestamp":"2025-09-04T02:19:10.513Z"}
{"level":"info","message":"SUPABASE_URL status","metadata":{"present":true},"timestamp":"2025-09-04T02:19:10.514Z"}
{"level":"info","message":"SUPABASE_SERVICE_ROLE_KEY status","metadata":{"present":true},"timestamp":"2025-09-04T02:19:10.515Z"}
{"level":"info","message":"SMTP_USER status","metadata":{"present":true},"timestamp":"2025-09-04T02:19:10.516Z"}
{"level":"info","message":"SMTP_PASS status","metadata":{"present":true},"timestamp":"2025-09-04T02:19:10.516Z"}
{"level":"info","message":"Server running on port 3000","metadata":{},"timestamp":"2025-09-04T02:19:10.522Z"}
{"level":"info","message":"Environment variables check","metadata":{},"timestamp":"2025-09-04T02:20:11.744Z"}
{"level":"info","message":"SUPABASE_URL status","metadata":{"present":true},"timestamp":"2025-09-04T02:20:11.746Z"}
{"level":"info","message":"SUPABASE_SERVICE_ROLE_KEY status","metadata":{"present":true},"timestamp":"2025-09-04T02:20:11.747Z"}
{"level":"info","message":"SMTP_USER status","metadata":{"present":true},"timestamp":"2025-09-04T02:20:11.748Z"}
{"level":"info","message":"SMTP_PASS status","metadata":{"present":true},"timestamp":"2025-09-04T02:20:11.748Z"}
{"level":"info","message":"Server running on port 3000","metadata":{},"timestamp":"2025-09-04T02:20:11.753Z"}
{"level":"info","message":"Environment variables check","metadata":{},"timestamp":"2025-09-04T02:20:50.980Z"}
{"level":"info","message":"SUPABASE_URL status","metadata":{"present":true},"timestamp":"2025-09-04T02:20:50.983Z"}
{"level":"info","message":"SUPABASE_SERVICE_ROLE_KEY status","metadata":{"present":true},"timestamp":"2025-09-04T02:20:50.984Z"}
{"level":"info","message":"SMTP_USER status","metadata":{"present":true},"timestamp":"2025-09-04T02:20:50.984Z"}
{"level":"info","message":"SMTP_PASS status","metadata":{"present":true},"timestamp":"2025-09-04T02:20:50.985Z"}
{"level":"info","message":"Server running on port 3000","metadata":{},"timestamp":"2025-09-04T02:20:50.989Z"}
{"level":"info","message":"Environment variables check","metadata":{},"timestamp":"2025-09-04T02:20:59.524Z"}
{"level":"info","message":"SUPABASE_URL status","metadata":{"present":true},"timestamp":"2025-09-04T02:20:59.526Z"}
{"level":"info","message":"SUPABASE_SERVICE_ROLE_KEY status","metadata":{"present":true},"timestamp":"2025-09-04T02:20:59.527Z"}
{"level":"info","message":"SMTP_USER status","metadata":{"present":true},"timestamp":"2025-09-04T02:20:59.527Z"}
{"level":"info","message":"SMTP_PASS status","metadata":{"present":true},"timestamp":"2025-09-04T02:20:59.528Z"}
{"level":"info","message":"Server running on port 3000","metadata":{},"timestamp":"2025-09-04T02:20:59.532Z"}
{"level":"info","message":"Environment variables check","metadata":{},"timestamp":"2025-09-04T02:21:08.902Z"}
{"level":"info","message":"SUPABASE_URL status","metadata":{"present":true},"timestamp":"2025-09-04T02:21:08.904Z"}
{"level":"info","message":"SUPABASE_SERVICE_ROLE_KEY status","metadata":{"present":true},"timestamp":"2025-09-04T02:21:08.905Z"}
{"level":"info","message":"SMTP_USER status","metadata":{"present":true},"timestamp":"2025-09-04T02:21:08.905Z"}
{"level":"info","message":"SMTP_PASS status","metadata":{"present":true},"timestamp":"2025-09-04T02:21:08.906Z"}
{"level":"info","message":"Server running on port 3000","metadata":{},"timestamp":"2025-09-04T02:21:08.910Z"}
{"level":"info","message":"Environment variables check","metadata":{},"timestamp":"2025-09-04T02:21:20.488Z"}
{"level":"info","message":"SUPABASE_URL status","metadata":{"present":true},"timestamp":"2025-09-04T02:21:20.490Z"}
{"level":"info","message":"SUPABASE_SERVICE_ROLE_KEY status","metadata":{"present":true},"timestamp":"2025-09-04T02:21:20.491Z"}
{"level":"info","message":"SMTP_USER status","metadata":{"present":true},"timestamp":"2025-09-04T02:21:20.491Z"}
{"level":"info","message":"SMTP_PASS status","metadata":{"present":true},"timestamp":"2025-09-04T02:21:20.492Z"}
{"level":"info","message":"Server running on port 3000","metadata":{},"timestamp":"2025-09-04T02:21:20.496Z"}
{"level":"info","message":"Environment variables check","metadata":{},"timestamp":"2025-09-04T02:21:27.316Z"}
{"level":"info","message":"SUPABASE_URL status","metadata":{"present":true},"timestamp":"2025-09-04T02:21:27.319Z"}
{"level":"info","message":"SUPABASE_SERVICE_ROLE_KEY status","metadata":{"present":true},"timestamp":"2025-09-04T02:21:27.320Z"}
{"level":"info","message":"SMTP_USER status","metadata":{"present":true},"timestamp":"2025-09-04T02:21:27.321Z"}
{"level":"info","message":"SMTP_PASS status","metadata":{"present":true},"timestamp":"2025-09-04T02:21:27.322Z"}
{"level":"info","message":"Server running on port 3000","metadata":{},"timestamp":"2025-09-04T02:21:27.328Z"}
{"level":"info","message":"Environment variables check","metadata":{},"timestamp":"2025-09-04T02:22:00.051Z"}
{"level":"info","message":"SUPABASE_URL status","metadata":{"present":true},"timestamp":"2025-09-04T02:22:00.053Z"}
{"level":"info","message":"SUPABASE_SERVICE_ROLE_KEY status","metadata":{"present":true},"timestamp":"2025-09-04T02:22:00.054Z"}
{"level":"info","message":"SMTP_USER status","metadata":{"present":true},"timestamp":"2025-09-04T02:22:00.054Z"}
{"level":"info","message":"SMTP_PASS status","metadata":{"present":true},"timestamp":"2025-09-04T02:22:00.054Z"}
{"level":"info","message":"Server running on port 3000","metadata":{},"timestamp":"2025-09-04T02:22:00.058Z"}
{"level":"audit","message":"OTP send attempt started","metadata":{"email":"johnrobert@gmail.com","ip":"::1","userAgent":"Mozilla/5.0 (Windows NT 10.0; Win64; x64) AppleWebKit/537.36 (KHTML, like Gecko) Chrome/139.0.0.0 Safari/537.36"},"timestamp":"2025-09-04T02:22:17.752Z"}
{"level":"audit","message":"OTP send attempt for non-existent user","metadata":{"email":"johnrobert@gmail.com","error":"JSON object requested, multiple (or no) rows returned","ip":"::1","userAgent":"Mozilla/5.0 (Windows NT 10.0; Win64; x64) AppleWebKit/537.36 (KHTML, like Gecko) Chrome/139.0.0.0 Safari/537.36"},"timestamp":"2025-09-04T02:22:18.837Z"}
{"level":"audit","message":"OTP send attempt started","metadata":{"email":"johnrobert@gmail.com","ip":"::1","userAgent":"Mozilla/5.0 (Windows NT 10.0; Win64; x64) AppleWebKit/537.36 (KHTML, like Gecko) Chrome/139.0.0.0 Safari/537.36"},"timestamp":"2025-09-04T02:22:47.687Z"}
{"level":"audit","message":"OTP send attempt for non-existent user","metadata":{"email":"johnrobert@gmail.com","error":"JSON object requested, multiple (or no) rows returned","ip":"::1","userAgent":"Mozilla/5.0 (Windows NT 10.0; Win64; x64) AppleWebKit/537.36 (KHTML, like Gecko) Chrome/139.0.0.0 Safari/537.36"},"timestamp":"2025-09-04T02:22:48.422Z"}
{"level":"audit","message":"Login attempt started","metadata":{"employeeNumber":"2025-8164-56686","ip":"::1","userAgent":"Mozilla/5.0 (Windows NT 10.0; Win64; x64) AppleWebKit/537.36 (KHTML, like Gecko) Chrome/139.0.0.0 Safari/537.36"},"timestamp":"2025-09-04T02:23:00.464Z"}
{"level":"audit","message":"Login successful","metadata":{"authUserId":"2be2d15a-1802-434c-b2ff-65ba4b399f57","email":"testuser123@gmail.com","employeeNumber":"2025-8164-56686","firstName":"Test","ip":"::1","lastName":"User","roleId":3,"userAgent":"Mozilla/5.0 (Windows NT 10.0; Win64; x64) AppleWebKit/537.36 (KHTML, like Gecko) Chrome/139.0.0.0 Safari/537.36","userId":33},"timestamp":"2025-09-04T02:23:01.748Z"}
{"level":"info","message":"Environment variables check","metadata":{},"timestamp":"2025-09-04T02:47:17.626Z"}
{"level":"info","message":"SUPABASE_URL status","metadata":{"present":true},"timestamp":"2025-09-04T02:47:17.628Z"}
{"level":"info","message":"SUPABASE_SERVICE_ROLE_KEY status","metadata":{"present":true},"timestamp":"2025-09-04T02:47:17.629Z"}
{"level":"info","message":"SMTP_USER status","metadata":{"present":true},"timestamp":"2025-09-04T02:47:17.629Z"}
{"level":"info","message":"SMTP_PASS status","metadata":{"present":true},"timestamp":"2025-09-04T02:47:17.629Z"}
{"level":"info","message":"Server running on port 3000","metadata":{},"timestamp":"2025-09-04T02:47:17.634Z"}
{"level":"info","message":"Environment variables check","metadata":{},"timestamp":"2025-09-04T02:47:22.079Z"}
{"level":"info","message":"SUPABASE_URL status","metadata":{"present":true},"timestamp":"2025-09-04T02:47:22.081Z"}
{"level":"info","message":"SUPABASE_SERVICE_ROLE_KEY status","metadata":{"present":true},"timestamp":"2025-09-04T02:47:22.082Z"}
{"level":"info","message":"SMTP_USER status","metadata":{"present":true},"timestamp":"2025-09-04T02:47:22.083Z"}
{"level":"info","message":"SMTP_PASS status","metadata":{"present":true},"timestamp":"2025-09-04T02:47:22.083Z"}
{"level":"info","message":"Server running on port 3000","metadata":{},"timestamp":"2025-09-04T02:47:22.089Z"}
{"level":"info","message":"Environment variables check","metadata":{},"timestamp":"2025-09-04T02:47:45.638Z"}
{"level":"info","message":"SUPABASE_URL status","metadata":{"present":true},"timestamp":"2025-09-04T02:47:45.640Z"}
{"level":"info","message":"SUPABASE_SERVICE_ROLE_KEY status","metadata":{"present":true},"timestamp":"2025-09-04T02:47:45.641Z"}
{"level":"info","message":"SMTP_USER status","metadata":{"present":true},"timestamp":"2025-09-04T02:47:45.641Z"}
{"level":"info","message":"SMTP_PASS status","metadata":{"present":true},"timestamp":"2025-09-04T02:47:45.641Z"}
{"level":"info","message":"Server running on port 3000","metadata":{},"timestamp":"2025-09-04T02:47:45.646Z"}
{"level":"info","message":"Environment variables check","metadata":{},"timestamp":"2025-09-04T02:48:05.916Z"}
{"level":"info","message":"SUPABASE_URL status","metadata":{"present":true},"timestamp":"2025-09-04T02:48:05.919Z"}
{"level":"info","message":"SUPABASE_SERVICE_ROLE_KEY status","metadata":{"present":true},"timestamp":"2025-09-04T02:48:05.919Z"}
{"level":"info","message":"SMTP_USER status","metadata":{"present":true},"timestamp":"2025-09-04T02:48:05.920Z"}
{"level":"info","message":"SMTP_PASS status","metadata":{"present":true},"timestamp":"2025-09-04T02:48:05.920Z"}
{"level":"info","message":"Server running on port 3000","metadata":{},"timestamp":"2025-09-04T02:48:05.924Z"}
{"level":"info","message":"Environment variables check","metadata":{},"timestamp":"2025-09-04T02:48:28.959Z"}
{"level":"info","message":"SUPABASE_URL status","metadata":{"present":true},"timestamp":"2025-09-04T02:48:28.961Z"}
{"level":"info","message":"SUPABASE_SERVICE_ROLE_KEY status","metadata":{"present":true},"timestamp":"2025-09-04T02:48:28.962Z"}
{"level":"info","message":"SMTP_USER status","metadata":{"present":true},"timestamp":"2025-09-04T02:48:28.963Z"}
{"level":"info","message":"SMTP_PASS status","metadata":{"present":true},"timestamp":"2025-09-04T02:48:28.963Z"}
{"level":"info","message":"Server running on port 3000","metadata":{},"timestamp":"2025-09-04T02:48:28.970Z"}
{"level":"info","message":"Environment variables check","metadata":{},"timestamp":"2025-09-04T02:48:49.121Z"}
{"level":"info","message":"SUPABASE_URL status","metadata":{"present":true},"timestamp":"2025-09-04T02:48:49.123Z"}
{"level":"info","message":"SUPABASE_SERVICE_ROLE_KEY status","metadata":{"present":true},"timestamp":"2025-09-04T02:48:49.124Z"}
{"level":"info","message":"SMTP_USER status","metadata":{"present":true},"timestamp":"2025-09-04T02:48:49.125Z"}
{"level":"info","message":"SMTP_PASS status","metadata":{"present":true},"timestamp":"2025-09-04T02:48:49.125Z"}
{"level":"info","message":"Server running on port 3000","metadata":{},"timestamp":"2025-09-04T02:48:49.130Z"}
{"level":"info","message":"Environment variables check","metadata":{},"timestamp":"2025-09-04T02:48:54.558Z"}
{"level":"info","message":"SUPABASE_URL status","metadata":{"present":true},"timestamp":"2025-09-04T02:48:54.561Z"}
{"level":"info","message":"SUPABASE_SERVICE_ROLE_KEY status","metadata":{"present":true},"timestamp":"2025-09-04T02:48:54.561Z"}
{"level":"info","message":"SMTP_USER status","metadata":{"present":true},"timestamp":"2025-09-04T02:48:54.562Z"}
{"level":"info","message":"SMTP_PASS status","metadata":{"present":true},"timestamp":"2025-09-04T02:48:54.562Z"}
{"level":"info","message":"Server running on port 3000","metadata":{},"timestamp":"2025-09-04T02:48:54.566Z"}
{"level":"info","message":"Environment variables check","metadata":{},"timestamp":"2025-09-04T02:49:13.853Z"}
{"level":"info","message":"SUPABASE_URL status","metadata":{"present":true},"timestamp":"2025-09-04T02:49:13.855Z"}
{"level":"info","message":"SUPABASE_SERVICE_ROLE_KEY status","metadata":{"present":true},"timestamp":"2025-09-04T02:49:13.855Z"}
{"level":"info","message":"SMTP_USER status","metadata":{"present":true},"timestamp":"2025-09-04T02:49:13.856Z"}
{"level":"info","message":"SMTP_PASS status","metadata":{"present":true},"timestamp":"2025-09-04T02:49:13.856Z"}
{"level":"info","message":"Server running on port 3000","metadata":{},"timestamp":"2025-09-04T02:49:13.860Z"}
{"level":"info","message":"Environment variables check","metadata":{},"timestamp":"2025-09-04T02:49:18.186Z"}
{"level":"info","message":"SUPABASE_URL status","metadata":{"present":true},"timestamp":"2025-09-04T02:49:18.188Z"}
{"level":"info","message":"SUPABASE_SERVICE_ROLE_KEY status","metadata":{"present":true},"timestamp":"2025-09-04T02:49:18.189Z"}
{"level":"info","message":"SMTP_USER status","metadata":{"present":true},"timestamp":"2025-09-04T02:49:18.190Z"}
{"level":"info","message":"SMTP_PASS status","metadata":{"present":true},"timestamp":"2025-09-04T02:49:18.190Z"}
{"level":"info","message":"Server running on port 3000","metadata":{},"timestamp":"2025-09-04T02:49:18.198Z"}
{"level":"info","message":"Environment variables check","metadata":{},"timestamp":"2025-09-04T02:49:22.634Z"}
{"level":"info","message":"SUPABASE_URL status","metadata":{"present":true},"timestamp":"2025-09-04T02:49:22.636Z"}
{"level":"info","message":"SUPABASE_SERVICE_ROLE_KEY status","metadata":{"present":true},"timestamp":"2025-09-04T02:49:22.637Z"}
{"level":"info","message":"SMTP_USER status","metadata":{"present":true},"timestamp":"2025-09-04T02:49:22.637Z"}
{"level":"info","message":"SMTP_PASS status","metadata":{"present":true},"timestamp":"2025-09-04T02:49:22.637Z"}
{"level":"info","message":"Server running on port 3000","metadata":{},"timestamp":"2025-09-04T02:49:22.642Z"}
{"level":"info","message":"Environment variables check","metadata":{},"timestamp":"2025-09-04T02:49:32.587Z"}
{"level":"info","message":"SUPABASE_URL status","metadata":{"present":true},"timestamp":"2025-09-04T02:49:32.589Z"}
{"level":"info","message":"SUPABASE_SERVICE_ROLE_KEY status","metadata":{"present":true},"timestamp":"2025-09-04T02:49:32.590Z"}
{"level":"info","message":"SMTP_USER status","metadata":{"present":true},"timestamp":"2025-09-04T02:49:32.590Z"}
{"level":"info","message":"SMTP_PASS status","metadata":{"present":true},"timestamp":"2025-09-04T02:49:32.590Z"}
{"level":"info","message":"Server running on port 3000","metadata":{},"timestamp":"2025-09-04T02:49:32.595Z"}
{"level":"info","message":"Environment variables check","metadata":{},"timestamp":"2025-09-04T02:51:02.841Z"}
{"level":"info","message":"SUPABASE_URL status","metadata":{"present":true},"timestamp":"2025-09-04T02:51:02.843Z"}
{"level":"info","message":"SUPABASE_SERVICE_ROLE_KEY status","metadata":{"present":true},"timestamp":"2025-09-04T02:51:02.844Z"}
{"level":"info","message":"SMTP_USER status","metadata":{"present":true},"timestamp":"2025-09-04T02:51:02.844Z"}
{"level":"info","message":"SMTP_PASS status","metadata":{"present":true},"timestamp":"2025-09-04T02:51:02.845Z"}
{"level":"info","message":"Server running on port 3000","metadata":{},"timestamp":"2025-09-04T02:51:02.849Z"}
{"level":"info","message":"Environment variables check","metadata":{},"timestamp":"2025-09-04T02:51:05.213Z"}
{"level":"info","message":"SUPABASE_URL status","metadata":{"present":true},"timestamp":"2025-09-04T02:51:05.215Z"}
{"level":"info","message":"SUPABASE_SERVICE_ROLE_KEY status","metadata":{"present":true},"timestamp":"2025-09-04T02:51:05.216Z"}
{"level":"info","message":"SMTP_USER status","metadata":{"present":true},"timestamp":"2025-09-04T02:51:05.217Z"}
{"level":"info","message":"SMTP_PASS status","metadata":{"present":true},"timestamp":"2025-09-04T02:51:05.218Z"}
{"level":"info","message":"Server running on port 3000","metadata":{},"timestamp":"2025-09-04T02:51:05.225Z"}
{"level":"info","message":"Environment variables check","metadata":{},"timestamp":"2025-09-04T02:51:07.945Z"}
{"level":"info","message":"SUPABASE_URL status","metadata":{"present":true},"timestamp":"2025-09-04T02:51:07.948Z"}
{"level":"info","message":"SUPABASE_SERVICE_ROLE_KEY status","metadata":{"present":true},"timestamp":"2025-09-04T02:51:07.949Z"}
{"level":"info","message":"SMTP_USER status","metadata":{"present":true},"timestamp":"2025-09-04T02:51:07.950Z"}
{"level":"info","message":"SMTP_PASS status","metadata":{"present":true},"timestamp":"2025-09-04T02:51:07.951Z"}
{"level":"info","message":"Server running on port 3000","metadata":{},"timestamp":"2025-09-04T02:51:07.957Z"}
{"level":"info","message":"Environment variables check","metadata":{},"timestamp":"2025-09-04T02:51:10.153Z"}
{"level":"info","message":"SUPABASE_URL status","metadata":{"present":true},"timestamp":"2025-09-04T02:51:10.155Z"}
{"level":"info","message":"SUPABASE_SERVICE_ROLE_KEY status","metadata":{"present":true},"timestamp":"2025-09-04T02:51:10.156Z"}
{"level":"info","message":"SMTP_USER status","metadata":{"present":true},"timestamp":"2025-09-04T02:51:10.157Z"}
{"level":"info","message":"SMTP_PASS status","metadata":{"present":true},"timestamp":"2025-09-04T02:51:10.157Z"}
{"level":"info","message":"Server running on port 3000","metadata":{},"timestamp":"2025-09-04T02:51:10.161Z"}
{"level":"info","message":"Environment variables check","metadata":{},"timestamp":"2025-09-04T02:51:12.503Z"}
{"level":"info","message":"SUPABASE_URL status","metadata":{"present":true},"timestamp":"2025-09-04T02:51:12.505Z"}
{"level":"info","message":"SUPABASE_SERVICE_ROLE_KEY status","metadata":{"present":true},"timestamp":"2025-09-04T02:51:12.506Z"}
{"level":"info","message":"SMTP_USER status","metadata":{"present":true},"timestamp":"2025-09-04T02:51:12.507Z"}
{"level":"info","message":"SMTP_PASS status","metadata":{"present":true},"timestamp":"2025-09-04T02:51:12.507Z"}
{"level":"info","message":"Server running on port 3000","metadata":{},"timestamp":"2025-09-04T02:51:12.512Z"}
{"level":"info","message":"Environment variables check","metadata":{},"timestamp":"2025-09-04T02:51:15.241Z"}
{"level":"info","message":"SUPABASE_URL status","metadata":{"present":true},"timestamp":"2025-09-04T02:51:15.243Z"}
{"level":"info","message":"SUPABASE_SERVICE_ROLE_KEY status","metadata":{"present":true},"timestamp":"2025-09-04T02:51:15.244Z"}
{"level":"info","message":"SMTP_USER status","metadata":{"present":true},"timestamp":"2025-09-04T02:51:15.244Z"}
{"level":"info","message":"SMTP_PASS status","metadata":{"present":true},"timestamp":"2025-09-04T02:51:15.245Z"}
{"level":"info","message":"Server running on port 3000","metadata":{},"timestamp":"2025-09-04T02:51:15.249Z"}
{"level":"info","message":"Environment variables check","metadata":{},"timestamp":"2025-09-04T02:51:18.422Z"}
{"level":"info","message":"SUPABASE_URL status","metadata":{"present":true},"timestamp":"2025-09-04T02:51:18.424Z"}
{"level":"info","message":"SUPABASE_SERVICE_ROLE_KEY status","metadata":{"present":true},"timestamp":"2025-09-04T02:51:18.425Z"}
{"level":"info","message":"SMTP_USER status","metadata":{"present":true},"timestamp":"2025-09-04T02:51:18.425Z"}
{"level":"info","message":"SMTP_PASS status","metadata":{"present":true},"timestamp":"2025-09-04T02:51:18.426Z"}
{"level":"info","message":"Server running on port 3000","metadata":{},"timestamp":"2025-09-04T02:51:18.430Z"}
{"level":"info","message":"Environment variables check","metadata":{},"timestamp":"2025-09-04T02:51:21.332Z"}
{"level":"info","message":"SUPABASE_URL status","metadata":{"present":true},"timestamp":"2025-09-04T02:51:21.335Z"}
{"level":"info","message":"SUPABASE_SERVICE_ROLE_KEY status","metadata":{"present":true},"timestamp":"2025-09-04T02:51:21.336Z"}
{"level":"info","message":"SMTP_USER status","metadata":{"present":true},"timestamp":"2025-09-04T02:51:21.338Z"}
{"level":"info","message":"SMTP_PASS status","metadata":{"present":true},"timestamp":"2025-09-04T02:51:21.339Z"}
{"level":"info","message":"Server running on port 3000","metadata":{},"timestamp":"2025-09-04T02:51:21.345Z"}
{"level":"info","message":"Environment variables check","metadata":{},"timestamp":"2025-09-04T02:51:24.268Z"}
{"level":"info","message":"SUPABASE_URL status","metadata":{"present":true},"timestamp":"2025-09-04T02:51:24.271Z"}
{"level":"info","message":"SUPABASE_SERVICE_ROLE_KEY status","metadata":{"present":true},"timestamp":"2025-09-04T02:51:24.272Z"}
{"level":"info","message":"SMTP_USER status","metadata":{"present":true},"timestamp":"2025-09-04T02:51:24.272Z"}
{"level":"info","message":"SMTP_PASS status","metadata":{"present":true},"timestamp":"2025-09-04T02:51:24.273Z"}
{"level":"info","message":"Server running on port 3000","metadata":{},"timestamp":"2025-09-04T02:51:24.278Z"}
{"level":"info","message":"Environment variables check","metadata":{},"timestamp":"2025-09-04T02:51:27.036Z"}
{"level":"info","message":"SUPABASE_URL status","metadata":{"present":true},"timestamp":"2025-09-04T02:51:27.038Z"}
{"level":"info","message":"SUPABASE_SERVICE_ROLE_KEY status","metadata":{"present":true},"timestamp":"2025-09-04T02:51:27.039Z"}
{"level":"info","message":"SMTP_USER status","metadata":{"present":true},"timestamp":"2025-09-04T02:51:27.040Z"}
{"level":"info","message":"SMTP_PASS status","metadata":{"present":true},"timestamp":"2025-09-04T02:51:27.040Z"}
{"level":"info","message":"Server running on port 3000","metadata":{},"timestamp":"2025-09-04T02:51:27.045Z"}
{"level":"info","message":"Environment variables check","metadata":{},"timestamp":"2025-09-04T02:51:29.840Z"}
{"level":"info","message":"SUPABASE_URL status","metadata":{"present":true},"timestamp":"2025-09-04T02:51:29.843Z"}
{"level":"info","message":"SUPABASE_SERVICE_ROLE_KEY status","metadata":{"present":true},"timestamp":"2025-09-04T02:51:29.843Z"}
{"level":"info","message":"SMTP_USER status","metadata":{"present":true},"timestamp":"2025-09-04T02:51:29.844Z"}
{"level":"info","message":"SMTP_PASS status","metadata":{"present":true},"timestamp":"2025-09-04T02:51:29.844Z"}
{"level":"info","message":"Server running on port 3000","metadata":{},"timestamp":"2025-09-04T02:51:29.848Z"}
{"level":"info","message":"Environment variables check","metadata":{},"timestamp":"2025-09-04T02:51:32.688Z"}
{"level":"info","message":"SUPABASE_URL status","metadata":{"present":true},"timestamp":"2025-09-04T02:51:32.691Z"}
{"level":"info","message":"SUPABASE_SERVICE_ROLE_KEY status","metadata":{"present":true},"timestamp":"2025-09-04T02:51:32.691Z"}
{"level":"info","message":"SMTP_USER status","metadata":{"present":true},"timestamp":"2025-09-04T02:51:32.692Z"}
{"level":"info","message":"SMTP_PASS status","metadata":{"present":true},"timestamp":"2025-09-04T02:51:32.692Z"}
{"level":"info","message":"Server running on port 3000","metadata":{},"timestamp":"2025-09-04T02:51:32.696Z"}
{"level":"info","message":"Environment variables check","metadata":{},"timestamp":"2025-09-04T02:51:35.591Z"}
{"level":"info","message":"SUPABASE_URL status","metadata":{"present":true},"timestamp":"2025-09-04T02:51:35.593Z"}
{"level":"info","message":"SUPABASE_SERVICE_ROLE_KEY status","metadata":{"present":true},"timestamp":"2025-09-04T02:51:35.594Z"}
{"level":"info","message":"SMTP_USER status","metadata":{"present":true},"timestamp":"2025-09-04T02:51:35.595Z"}
{"level":"info","message":"SMTP_PASS status","metadata":{"present":true},"timestamp":"2025-09-04T02:51:35.595Z"}
{"level":"info","message":"Server running on port 3000","metadata":{},"timestamp":"2025-09-04T02:51:35.599Z"}
{"level":"info","message":"Environment variables check","metadata":{},"timestamp":"2025-09-04T02:51:40.628Z"}
{"level":"info","message":"SUPABASE_URL status","metadata":{"present":true},"timestamp":"2025-09-04T02:51:40.630Z"}
{"level":"info","message":"SUPABASE_SERVICE_ROLE_KEY status","metadata":{"present":true},"timestamp":"2025-09-04T02:51:40.631Z"}
{"level":"info","message":"SMTP_USER status","metadata":{"present":true},"timestamp":"2025-09-04T02:51:40.631Z"}
{"level":"info","message":"SMTP_PASS status","metadata":{"present":true},"timestamp":"2025-09-04T02:51:40.631Z"}
{"level":"info","message":"Server running on port 3000","metadata":{},"timestamp":"2025-09-04T02:51:40.636Z"}
{"level":"info","message":"Environment variables check","metadata":{},"timestamp":"2025-09-04T02:51:47.611Z"}
{"level":"info","message":"SUPABASE_URL status","metadata":{"present":true},"timestamp":"2025-09-04T02:51:47.614Z"}
{"level":"info","message":"SUPABASE_SERVICE_ROLE_KEY status","metadata":{"present":true},"timestamp":"2025-09-04T02:51:47.615Z"}
{"level":"info","message":"SMTP_USER status","metadata":{"present":true},"timestamp":"2025-09-04T02:51:47.615Z"}
{"level":"info","message":"SMTP_PASS status","metadata":{"present":true},"timestamp":"2025-09-04T02:51:47.616Z"}
{"level":"info","message":"Server running on port 3000","metadata":{},"timestamp":"2025-09-04T02:51:47.621Z"}
{"level":"info","message":"Environment variables check","metadata":{},"timestamp":"2025-09-04T02:51:50.667Z"}
{"level":"info","message":"SUPABASE_URL status","metadata":{"present":true},"timestamp":"2025-09-04T02:51:50.671Z"}
{"level":"info","message":"SUPABASE_SERVICE_ROLE_KEY status","metadata":{"present":true},"timestamp":"2025-09-04T02:51:50.672Z"}
{"level":"info","message":"SMTP_USER status","metadata":{"present":true},"timestamp":"2025-09-04T02:51:50.673Z"}
{"level":"info","message":"SMTP_PASS status","metadata":{"present":true},"timestamp":"2025-09-04T02:51:50.674Z"}
{"level":"info","message":"Server running on port 3000","metadata":{},"timestamp":"2025-09-04T02:51:50.679Z"}
{"level":"info","message":"Environment variables check","metadata":{},"timestamp":"2025-09-04T02:51:54.975Z"}
{"level":"info","message":"SUPABASE_URL status","metadata":{"present":true},"timestamp":"2025-09-04T02:51:54.978Z"}
{"level":"info","message":"SUPABASE_SERVICE_ROLE_KEY status","metadata":{"present":true},"timestamp":"2025-09-04T02:51:54.979Z"}
{"level":"info","message":"SMTP_USER status","metadata":{"present":true},"timestamp":"2025-09-04T02:51:54.979Z"}
{"level":"info","message":"SMTP_PASS status","metadata":{"present":true},"timestamp":"2025-09-04T02:51:54.980Z"}
{"level":"info","message":"Server running on port 3000","metadata":{},"timestamp":"2025-09-04T02:51:54.984Z"}
{"level":"info","message":"Environment variables check","metadata":{},"timestamp":"2025-09-04T02:52:06.034Z"}
{"level":"info","message":"SUPABASE_URL status","metadata":{"present":true},"timestamp":"2025-09-04T02:52:06.036Z"}
{"level":"info","message":"SUPABASE_SERVICE_ROLE_KEY status","metadata":{"present":true},"timestamp":"2025-09-04T02:52:06.037Z"}
{"level":"info","message":"SMTP_USER status","metadata":{"present":true},"timestamp":"2025-09-04T02:52:06.037Z"}
{"level":"info","message":"SMTP_PASS status","metadata":{"present":true},"timestamp":"2025-09-04T02:52:06.037Z"}
{"level":"info","message":"Server running on port 3000","metadata":{},"timestamp":"2025-09-04T02:52:06.042Z"}
{"level":"info","message":"Environment variables check","metadata":{},"timestamp":"2025-09-04T02:52:10.420Z"}
{"level":"info","message":"SUPABASE_URL status","metadata":{"present":true},"timestamp":"2025-09-04T02:52:10.422Z"}
{"level":"info","message":"SUPABASE_SERVICE_ROLE_KEY status","metadata":{"present":true},"timestamp":"2025-09-04T02:52:10.422Z"}
{"level":"info","message":"SMTP_USER status","metadata":{"present":true},"timestamp":"2025-09-04T02:52:10.423Z"}
{"level":"info","message":"SMTP_PASS status","metadata":{"present":true},"timestamp":"2025-09-04T02:52:10.423Z"}
{"level":"info","message":"Server running on port 3000","metadata":{},"timestamp":"2025-09-04T02:52:10.427Z"}
{"level":"info","message":"Successfully sent notification to devices","metadata":{"announcement_id":53,"failure_count":5,"success_count":2,"title":"hello world","tokens_count":7},"timestamp":"2025-09-04T02:55:12.573Z"}
{"level":"audit","message":"Announcement created and notifications sent","metadata":{"action":"ANNOUNCEMENT_CREATE","announcement_id":53,"created_by":33,"ip":"::1","title":"hello world","tokens_count":7,"userAgent":"Mozilla/5.0 (Windows NT 10.0; Win64; x64) AppleWebKit/537.36 (KHTML, like Gecko) Chrome/139.0.0.0 Safari/537.36"},"timestamp":"2025-09-04T02:55:12.576Z"}
{"level":"audit","message":"Token refresh attempt started","metadata":{"hasRefreshToken":true,"ip":"::1","userAgent":"Mozilla/5.0 (Windows NT 10.0; Win64; x64) AppleWebKit/537.36 (KHTML, like Gecko) Chrome/139.0.0.0 Safari/537.36"},"timestamp":"2025-09-04T03:22:01.930Z"}
{"level":"warn","message":"Token refresh not fully implemented - Supabase limitation","metadata":{"email":"testuser123@gmail.com","ip":"::1","userAgent":"Mozilla/5.0 (Windows NT 10.0; Win64; x64) AppleWebKit/537.36 (KHTML, like Gecko) Chrome/139.0.0.0 Safari/537.36","userId":33},"timestamp":"2025-09-04T03:22:03.763Z"}
{"level":"info","message":"Environment variables check","metadata":{},"timestamp":"2025-09-04T03:55:12.006Z"}
{"level":"info","message":"SUPABASE_URL status","metadata":{"present":true},"timestamp":"2025-09-04T03:55:12.008Z"}
{"level":"info","message":"SUPABASE_SERVICE_ROLE_KEY status","metadata":{"present":true},"timestamp":"2025-09-04T03:55:12.009Z"}
{"level":"info","message":"SMTP_USER status","metadata":{"present":true},"timestamp":"2025-09-04T03:55:12.010Z"}
{"level":"info","message":"SMTP_PASS status","metadata":{"present":true},"timestamp":"2025-09-04T03:55:12.010Z"}
{"level":"info","message":"Server running on port 3000","metadata":{},"timestamp":"2025-09-04T03:55:12.014Z"}
{"level":"info","message":"Environment variables check","metadata":{},"timestamp":"2025-09-04T03:56:44.936Z"}
{"level":"info","message":"SUPABASE_URL status","metadata":{"present":true},"timestamp":"2025-09-04T03:56:44.940Z"}
{"level":"info","message":"SUPABASE_SERVICE_ROLE_KEY status","metadata":{"present":true},"timestamp":"2025-09-04T03:56:44.941Z"}
{"level":"info","message":"SMTP_USER status","metadata":{"present":true},"timestamp":"2025-09-04T03:56:44.942Z"}
{"level":"info","message":"SMTP_PASS status","metadata":{"present":true},"timestamp":"2025-09-04T03:56:44.942Z"}
{"level":"info","message":"Server running on port 3000","metadata":{},"timestamp":"2025-09-04T03:56:44.950Z"}
{"level":"info","message":"Environment variables check","metadata":{},"timestamp":"2025-09-04T03:56:51.011Z"}
{"level":"info","message":"SUPABASE_URL status","metadata":{"present":true},"timestamp":"2025-09-04T03:56:51.013Z"}
{"level":"info","message":"SUPABASE_SERVICE_ROLE_KEY status","metadata":{"present":true},"timestamp":"2025-09-04T03:56:51.014Z"}
{"level":"info","message":"SMTP_USER status","metadata":{"present":true},"timestamp":"2025-09-04T03:56:51.015Z"}
{"level":"info","message":"SMTP_PASS status","metadata":{"present":true},"timestamp":"2025-09-04T03:56:51.015Z"}
{"level":"info","message":"Server running on port 3000","metadata":{},"timestamp":"2025-09-04T03:56:51.020Z"}
{"level":"info","message":"Environment variables check","metadata":{},"timestamp":"2025-09-04T04:51:55.014Z"}
{"level":"info","message":"SUPABASE_URL status","metadata":{"present":true},"timestamp":"2025-09-04T04:51:55.017Z"}
{"level":"info","message":"SUPABASE_SERVICE_ROLE_KEY status","metadata":{"present":true},"timestamp":"2025-09-04T04:51:55.017Z"}
{"level":"info","message":"SMTP_USER status","metadata":{"present":true},"timestamp":"2025-09-04T04:51:55.018Z"}
{"level":"info","message":"SMTP_PASS status","metadata":{"present":true},"timestamp":"2025-09-04T04:51:55.019Z"}
{"level":"info","message":"Server running on port 3000","metadata":{},"timestamp":"2025-09-04T04:51:55.026Z"}
